This is pdfTeX, Version 3.14159265-2.6-1.40.16 (TeX Live 2015/Debian) (preloaded format=pdflatex 2017.11.28)  9 JUL 2018 16:23
entering extended mode
 restricted \write18 enabled.
 %&-line parsing enabled.
**relazione.tex
(./relazione.tex
LaTeX2e <2016/02/01>
Babel <3.9q> and hyphenation patterns for 81 language(s) loaded.
(/usr/share/texlive/texmf-dist/tex/latex/base/book.cls
Document Class: book 2014/09/29 v1.4h Standard LaTeX document class
(/usr/share/texlive/texmf-dist/tex/latex/base/bk11.clo
File: bk11.clo 2014/09/29 v1.4h Standard LaTeX file (size option)
)
\c@part=\count79
\c@chapter=\count80
\c@section=\count81
\c@subsection=\count82
\c@subsubsection=\count83
\c@paragraph=\count84
\c@subparagraph=\count85
\c@figure=\count86
\c@table=\count87
\abovecaptionskip=\skip41
\belowcaptionskip=\skip42
\bibindent=\dimen102
)
(/usr/share/texlive/texmf-dist/tex/latex/base/inputenc.sty
Package: inputenc 2015/03/17 v1.2c Input encoding file
\inpenc@prehook=\toks14
\inpenc@posthook=\toks15

(/usr/share/texlive/texmf-dist/tex/latex/base/latin1.def
File: latin1.def 2015/03/17 v1.2c Input encoding file
))
(/usr/share/texlive/texmf-dist/tex/generic/babel/babel.sty
Package: babel 2016/02/24 3.9q The Babel package

(/usr/share/texlive/texmf-dist/tex/generic/babel-english/english.ldf
Language: english 2012/08/20 v3.3p English support from the babel system

(/usr/share/texlive/texmf-dist/tex/generic/babel/babel.def
File: babel.def 2016/02/24 3.9q Babel common definitions
\babel@savecnt=\count88
\U@D=\dimen103
)
\l@canadian = a dialect from \language\l@american 
\l@australian = a dialect from \language\l@british 
\l@newzealand = a dialect from \language\l@british 
))
(/usr/share/texlive/texmf-dist/tex/latex/amsfonts/amsfonts.sty
Package: amsfonts 2013/01/14 v3.01 Basic AMSFonts support
\@emptytoks=\toks16
\symAMSa=\mathgroup4
\symAMSb=\mathgroup5
LaTeX Font Info:    Overwriting math alphabet `\mathfrak' in version `bold'
(Font)                  U/euf/m/n --> U/euf/b/n on input line 106.
)
(/usr/share/texlive/texmf-dist/tex/latex/amsmath/amsmath.sty
Package: amsmath 2016/03/03 v2.15a AMS math features
\@mathmargin=\skip43

For additional information on amsmath, use the `?' option.
(/usr/share/texlive/texmf-dist/tex/latex/amsmath/amstext.sty
Package: amstext 2000/06/29 v2.01 AMS text

(/usr/share/texlive/texmf-dist/tex/latex/amsmath/amsgen.sty
File: amsgen.sty 1999/11/30 v2.0 generic functions
\@emptytoks=\toks17
\ex@=\dimen104
))
(/usr/share/texlive/texmf-dist/tex/latex/amsmath/amsbsy.sty
Package: amsbsy 1999/11/29 v1.2d Bold Symbols
\pmbraise@=\dimen105
)
(/usr/share/texlive/texmf-dist/tex/latex/amsmath/amsopn.sty
Package: amsopn 1999/12/14 v2.01 operator names
)
\inf@bad=\count89
LaTeX Info: Redefining \frac on input line 199.
\uproot@=\count90
\leftroot@=\count91
LaTeX Info: Redefining \overline on input line 297.
\classnum@=\count92
\DOTSCASE@=\count93
LaTeX Info: Redefining \ldots on input line 394.
LaTeX Info: Redefining \dots on input line 397.
LaTeX Info: Redefining \cdots on input line 518.
\Mathstrutbox@=\box26
\strutbox@=\box27
\big@size=\dimen106
LaTeX Font Info:    Redeclaring font encoding OML on input line 630.
LaTeX Font Info:    Redeclaring font encoding OMS on input line 631.
\macc@depth=\count94
\c@MaxMatrixCols=\count95
\dotsspace@=\muskip10
\c@parentequation=\count96
\dspbrk@lvl=\count97
\tag@help=\toks18
\row@=\count98
\column@=\count99
\maxfields@=\count100
\andhelp@=\toks19
\eqnshift@=\dimen107
\alignsep@=\dimen108
\tagshift@=\dimen109
\tagwidth@=\dimen110
\totwidth@=\dimen111
\lineht@=\dimen112
\@envbody=\toks20
\multlinegap=\skip44
\multlinetaggap=\skip45
\mathdisplay@stack=\toks21
LaTeX Info: Redefining \[ on input line 2735.
LaTeX Info: Redefining \] on input line 2736.
)
(/usr/share/texlive/texmf-dist/tex/latex/amsfonts/amssymb.sty
Package: amssymb 2013/01/14 v3.01 AMS font symbols
)
(/usr/share/texlive/texmf-dist/tex/latex/graphics/color.sty
Package: color 2016/01/03 v1.1b Standard LaTeX Color (DPC)

(/usr/share/texlive/texmf-dist/tex/latex/latexconfig/color.cfg
File: color.cfg 2007/01/18 v1.5 color configuration of teTeX/TeXLive
)
Package color Info: Driver file: pdftex.def on input line 143.

(/usr/share/texlive/texmf-dist/tex/latex/pdftex-def/pdftex.def
File: pdftex.def 2011/05/27 v0.06d Graphics/color for pdfTeX

(/usr/share/texlive/texmf-dist/tex/generic/oberdiek/infwarerr.sty
Package: infwarerr 2010/04/08 v1.3 Providing info/warning/error messages (HO)
)
(/usr/share/texlive/texmf-dist/tex/generic/oberdiek/ltxcmds.sty
Package: ltxcmds 2011/11/09 v1.22 LaTeX kernel commands for general use (HO)
)
\Gread@gobject=\count101
))
(/usr/share/texlive/texmf-dist/tex/latex/psfrag/psfrag.sty
Package: psfrag 1998/04/11 v3.04 PSfrag (MCG)

(/usr/share/texlive/texmf-dist/tex/latex/graphics/graphics.sty
Package: graphics 2016/01/03 v1.0q Standard LaTeX Graphics (DPC,SPQR)

(/usr/share/texlive/texmf-dist/tex/latex/graphics/trig.sty
Package: trig 2016/01/03 v1.10 sin cos tan (DPC)
)
(/usr/share/texlive/texmf-dist/tex/latex/latexconfig/graphics.cfg
File: graphics.cfg 2010/04/23 v1.9 graphics configuration of TeX Live
)
Package graphics Info: Driver file: pdftex.def on input line 95.
)
\pfg@pcount=\count102
\pfg@scount=\count103
\pfg@temp=\write3
)
(/usr/share/texlive/texmf-dist/tex/latex/graphics/graphicx.sty
Package: graphicx 2014/10/28 v1.0g Enhanced LaTeX Graphics (DPC,SPQR)

(/usr/share/texlive/texmf-dist/tex/latex/graphics/keyval.sty
Package: keyval 2014/10/28 v1.15 key=value parser (DPC)
\KV@toks@=\toks22
)
\Gin@req@height=\dimen113
\Gin@req@width=\dimen114
)
(/usr/share/texlive/texmf-dist/tex/latex/cite/cite.sty
LaTeX Info: Redefining \cite on input line 302.
LaTeX Info: Redefining \nocite on input line 332.
Package: cite 2015/02/27  v 5.5
)
(/usr/share/texlive/texmf-dist/tex/latex/float/float.sty
Package: float 2001/11/08 v1.3d Float enhancements (AL)
\c@float@type=\count104
\float@exts=\toks23
\float@box=\box28
\@float@everytoks=\toks24
\@floatcapt=\box29
) (./relazione.aux)
\openout1 = `relazione.aux'.

LaTeX Font Info:    Checking defaults for OML/cmm/m/it on input line 13.
LaTeX Font Info:    ... okay on input line 13.
LaTeX Font Info:    Checking defaults for T1/cmr/m/n on input line 13.
LaTeX Font Info:    ... okay on input line 13.
LaTeX Font Info:    Checking defaults for OT1/cmr/m/n on input line 13.
LaTeX Font Info:    ... okay on input line 13.
LaTeX Font Info:    Checking defaults for OMS/cmsy/m/n on input line 13.
LaTeX Font Info:    ... okay on input line 13.
LaTeX Font Info:    Checking defaults for OMX/cmex/m/n on input line 13.
LaTeX Font Info:    ... okay on input line 13.
LaTeX Font Info:    Checking defaults for U/cmr/m/n on input line 13.
LaTeX Font Info:    ... okay on input line 13.

(/usr/share/texlive/texmf-dist/tex/context/base/supp-pdf.mkii
[Loading MPS to PDF converter (version 2006.09.02).]
\scratchcounter=\count105
\scratchdimen=\dimen115
\scratchbox=\box30
\nofMPsegments=\count106
\nofMParguments=\count107
\everyMPshowfont=\toks25
\MPscratchCnt=\count108
\MPscratchDim=\dimen116
\MPnumerator=\count109
\makeMPintoPDFobject=\count110
\everyMPtoPDFconversion=\toks26
) (/usr/share/texlive/texmf-dist/tex/generic/oberdiek/pdftexcmds.sty
Package: pdftexcmds 2011/11/29 v0.20 Utility functions of pdfTeX for LuaTeX (HO
)

(/usr/share/texlive/texmf-dist/tex/generic/oberdiek/ifluatex.sty
Package: ifluatex 2010/03/01 v1.3 Provides the ifluatex switch (HO)
Package ifluatex Info: LuaTeX not detected.
)
(/usr/share/texlive/texmf-dist/tex/generic/oberdiek/ifpdf.sty
Package: ifpdf 2011/01/30 v2.3 Provides the ifpdf switch (HO)
Package ifpdf Info: pdfTeX in PDF mode is detected.
)
Package pdftexcmds Info: LuaTeX not detected.
Package pdftexcmds Info: \pdf@primitive is available.
Package pdftexcmds Info: \pdf@ifprimitive is available.
Package pdftexcmds Info: \pdfdraftmode found.
)
(/usr/share/texlive/texmf-dist/tex/latex/oberdiek/epstopdf-base.sty
Package: epstopdf-base 2010/02/09 v2.5 Base part for package epstopdf

(/usr/share/texlive/texmf-dist/tex/latex/oberdiek/grfext.sty
Package: grfext 2010/08/19 v1.1 Manage graphics extensions (HO)

(/usr/share/texlive/texmf-dist/tex/generic/oberdiek/kvdefinekeys.sty
Package: kvdefinekeys 2011/04/07 v1.3 Define keys (HO)
))
(/usr/share/texlive/texmf-dist/tex/latex/oberdiek/kvoptions.sty
Package: kvoptions 2011/06/30 v3.11 Key value format for package options (HO)

(/usr/share/texlive/texmf-dist/tex/generic/oberdiek/kvsetkeys.sty
Package: kvsetkeys 2012/04/25 v1.16 Key value parser (HO)

(/usr/share/texlive/texmf-dist/tex/generic/oberdiek/etexcmds.sty
Package: etexcmds 2011/02/16 v1.5 Avoid name clashes with e-TeX commands (HO)
Package etexcmds Info: Could not find \expanded.
(etexcmds)             That can mean that you are not using pdfTeX 1.50 or
(etexcmds)             that some package has redefined \expanded.
(etexcmds)             In the latter case, load this package earlier.
)))
Package grfext Info: Graphics extension search list:
(grfext)             [.png,.pdf,.jpg,.mps,.jpeg,.jbig2,.jb2,.PNG,.PDF,.JPG,.JPE
G,.JBIG2,.JB2,.eps]
(grfext)             \AppendGraphicsExtensions on input line 452.

(/usr/share/texlive/texmf-dist/tex/latex/latexconfig/epstopdf-sys.cfg
File: epstopdf-sys.cfg 2010/07/13 v1.3 Configuration of (r)epstopdf for TeX Liv
e
))
(./cover.tex
Package epstopdf Info: Source file: <figs/logo_unisalento.eps>
(epstopdf)                    date: 2012-02-16 12:25:44
(epstopdf)                    size: 824078 bytes
(epstopdf)             Output file: <figs/logo_unisalento-eps-converted-to.pdf>

(epstopdf)                    date: 2012-05-22 12:56:36
(epstopdf)                    size: 148985 bytes
(epstopdf)             Command: <repstopdf --outfile=figs/logo_unisalento-eps-c
onverted-to.pdf figs/logo_unisalento.eps>
(epstopdf)             \includegraphics on input line 8.
Package epstopdf Info: Output file is already uptodate.

<figs/logo_unisalento-eps-converted-to.pdf, id=1, 646.415pt x 593.21625pt>
File: figs/logo_unisalento-eps-converted-to.pdf Graphic file (type pdf)

<use figs/logo_unisalento-eps-converted-to.pdf>
Package pdftex.def Info: figs/logo_unisalento-eps-converted-to.pdf used on inpu
t line 8.
(pdftex.def)             Requested size: 129.2807pt x 118.64114pt.
) [1
Non-PDF special ignored!

{/var/lib/texmf/fonts/map/pdftex/updmap/pdftex.map} <./figs/logo_unisalento-eps
-converted-to.pdf>] [2] [3

] (./relazione.toc
LaTeX Font Info:    Try loading font information for U+msa on input line 4.

(/usr/share/texlive/texmf-dist/tex/latex/amsfonts/umsa.fd
File: umsa.fd 2013/01/14 v3.01 AMS symbols A
)
LaTeX Font Info:    Try loading font information for U+msb on input line 4.

(/usr/share/texlive/texmf-dist/tex/latex/amsfonts/umsb.fd
File: umsb.fd 2013/01/14 v3.01 AMS symbols B
))
\tf@toc=\write4
\openout4 = `relazione.toc'.

 [4

]
(./relazione.lof)
\tf@lof=\write5
\openout5 = `relazione.lof'.

 [5

]
LaTeX Font Info:    Try loading font information for OMS+cmr on input line 52.
 (/usr/share/texlive/texmf-dist/tex/latex/base/omscmr.fd
File: omscmr.fd 2014/09/29 v2.5h Standard LaTeX font definitions
)
LaTeX Font Info:    Font shape `OMS/cmr/m/n' in size <10.95> not available
(Font)              Font shape `OMS/cmsy/m/n' tried instead on input line 52.

[6

] [7]
Chapter 1.

Underfull \hbox (badness 10000) in paragraph at lines 70--73

 []


Underfull \hbox (badness 10000) in paragraph at lines 70--73

 []

<figs/Uniciclo.png, id=35, 701.019pt x 305.34074pt>
File: figs/Uniciclo.png Graphic file (type png)
 <use figs/Uniciclo.png>
Package pdftex.def Info: figs/Uniciclo.png used on input line 76.
(pdftex.def)             Requested size: 216.0022pt x 94.08157pt.

[8

 <./figs/Uniciclo.png>]
Underfull \hbox (badness 10000) in paragraph at lines 87--90

 []


Underfull \hbox (badness 10000) in paragraph at lines 87--90

 []

[9] <figs/Robot.png, id=46, 513.117pt x 464.937pt>
File: figs/Robot.png Graphic file (type png)
 <use figs/Robot.png>
Package pdftex.def Info: figs/Robot.png used on input line 107.
(pdftex.def)             Requested size: 288.0011pt x 260.96596pt.

[10 <./figs/Robot.png>]
<figs/Simulation.jpg, id=51, 683.55376pt x 334.24875pt>
File: figs/Simulation.jpg Graphic file (type jpg)

<use figs/Simulation.jpg>
Package pdftex.def Info: figs/Simulation.jpg used on input line 142.
(pdftex.def)             Requested size: 288.0011pt x 140.83232pt.
 [11 <./figs/Simulation.jpg>]

LaTeX Warning: Command \textunderscore invalid in math mode on input line 170.


Underfull \hbox (badness 10000) in paragraph at lines 171--172

 []


Underfull \hbox (badness 10000) in paragraph at lines 172--173

 []


Underfull \hbox (badness 10000) in paragraph at lines 173--174

 []


LaTeX Warning: Command \textunderscore invalid in math mode on input line 175.


Underfull \hbox (badness 10000) in paragraph at lines 175--178

 []


Underfull \hbox (badness 10000) in paragraph at lines 175--178

 []

[12]

LaTeX Warning: Command \textunderscore invalid in math mode on input line 179.


LaTeX Warning: Command \textunderscore invalid in math mode on input line 180.


LaTeX Warning: Command \textunderscore invalid in math mode on input line 195.


LaTeX Warning: Command \textunderscore invalid in math mode on input line 196.


LaTeX Warning: Command \textunderscore invalid in math mode on input line 201.


LaTeX Warning: Command \textunderscore invalid in math mode on input line 202.

[13]

LaTeX Warning: Command \textunderscore invalid in math mode on input line 209.


LaTeX Warning: Command \textunderscore invalid in math mode on input line 210.


LaTeX Warning: Command \textunderscore invalid in math mode on input line 217.


LaTeX Warning: Command \textunderscore invalid in math mode on input line 220.

<figs/Experiment.jpg, id=65, 814.30986pt x 610.73239pt>
File: figs/Experiment.jpg Graphic file (type jpg)

<use figs/Experiment.jpg>
Package pdftex.def Info: figs/Experiment.jpg used on input line 227.
(pdftex.def)             Requested size: 288.0011pt x 216.00542pt.
 [14 <./figs/Experiment.jpg>]

LaTeX Warning: Command \textunderscore invalid in math mode on input line 245.


LaTeX Warning: Command \textunderscore invalid in math mode on input line 254.


Overfull \hbox (10.70999pt too wide) in paragraph at lines 248--255
\OT1/cmr/m/n/10.95 The Con-troller stores the po-si-tion (x, y) and the ori-en-
ta-tion $\OML/cmm/m/it/10.95 #$ \OT1/cmr/m/n/10.95 in a $\OML/cmm/m/it/10.95 lo
g[]vicon:txt$
 []

[15]
Underfull \hbox (badness 10000) in paragraph at lines 257--258

 []


LaTeX Warning: Command \textunderscore invalid in math mode on input line 283.

[16] [17] [18]
Chapter 2.
<figs/simulations/1_2.png, id=81, 1689.6726pt x 922.8879pt>
File: figs/simulations/1_2.png Graphic file (type png)

<use figs/simulations/1_2.png>
Package pdftex.def Info: figs/simulations/1_2.png used on input line 342.
(pdftex.def)             Requested size: 683.9978pt x 373.59857pt.

Overfull \hbox (160.20993pt too wide) in paragraph at lines 341--343
 []|  [] 
 []

[19

] <figs/simulations/2_2.png, id=86, 1689.6726pt x 922.8879pt>
File: figs/simulations/2_2.png Graphic file (type png)

<use figs/simulations/2_2.png>
Package pdftex.def Info: figs/simulations/2_2.png used on input line 349.
(pdftex.def)             Requested size: 540.0pt x 294.94994pt.

<figs/simulations/5_2.png, id=87, 1689.6726pt x 922.8879pt>
File: figs/simulations/5_2.png Graphic file (type png)

<use figs/simulations/5_2.png>
Package pdftex.def Info: figs/simulations/5_2.png used on input line 352.
(pdftex.def)             Requested size: 540.0pt x 294.94994pt.

Overfull \hbox (74.02834pt too wide) in paragraph at lines 348--353
 []|  [] 
 []


Overfull \hbox (74.02834pt too wide) in paragraph at lines 348--353
 |  [] 
 []

[20 <./figs/simulations/1_2.png>]
Overfull \vbox (73.09964pt too high) has occurred while \output is active []


[21 <./figs/simulations/2_2.png> <./figs/simulations/5_2.png>]
<figs/simulations/6_2.png, id=97, 1689.6726pt x 922.8879pt>
File: figs/simulations/6_2.png Graphic file (type png)

<use figs/simulations/6_2.png>
Package pdftex.def Info: figs/simulations/6_2.png used on input line 359.
(pdftex.def)             Requested size: 683.9978pt x 373.59857pt.

Overfull \hbox (160.20993pt too wide) in paragraph at lines 358--360
 []|  [] 
 []

<figs/simulations/4_2.png, id=98, 1689.6726pt x 922.8879pt>
File: figs/simulations/4_2.png Graphic file (type png)

<use figs/simulations/4_2.png>
Package pdftex.def Info: figs/simulations/4_2.png used on input line 366.
(pdftex.def)             Requested size: 683.9978pt x 373.59857pt.

Overfull \hbox (160.20993pt too wide) in paragraph at lines 365--367
 []|  [] 
 []

[22 <./figs/simulations/6_2.png>]
<figs/simulations/3_2.png, id=103, 1689.6726pt x 922.8879pt>
File: figs/simulations/3_2.png Graphic file (type png)

<use figs/simulations/3_2.png>
Package pdftex.def Info: figs/simulations/3_2.png used on input line 373.
(pdftex.def)             Requested size: 683.9978pt x 373.59857pt.

Overfull \hbox (160.20993pt too wide) in paragraph at lines 372--374
 []|  [] 
 []

[23 <./figs/simulations/4_2.png>]
<figs/simulations/critical.png, id=108, 1689.6726pt x 922.8879pt>
File: figs/simulations/critical.png Graphic file (type png)

<use figs/simulations/critical.png>
Package pdftex.def Info: figs/simulations/critical.png used on input line 380.
(pdftex.def)             Requested size: 683.9978pt x 373.59857pt.

Overfull \hbox (160.20993pt too wide) in paragraph at lines 379--381
 []|  [] 
 []

[24 <./figs/simulations/3_2.png>]
<figs/experiments/1.png, id=113, 578.16pt x 433.62pt>
File: figs/experiments/1.png Graphic file (type png)

<use figs/experiments/1.png>
Package pdftex.def Info: figs/experiments/1.png used on input line 391.
(pdftex.def)             Requested size: 360.0pt x 269.99951pt.
 [25 <./figs/simulations/critical.png>]
<figs/experiments/2.png, id=119, 578.16pt x 433.62pt>
File: figs/experiments/2.png Graphic file (type png)

<use figs/experiments/2.png>
Package pdftex.def Info: figs/experiments/2.png used on input line 398.
(pdftex.def)             Requested size: 360.0pt x 269.99951pt.
 [26 <./figs/experiments/1.png>]
<figs/experiments/3.png, id=124, 578.16pt x 433.62pt>
File: figs/experiments/3.png Graphic file (type png)

<use figs/experiments/3.png>
Package pdftex.def Info: figs/experiments/3.png used on input line 406.
(pdftex.def)             Requested size: 360.0pt x 269.99951pt.

Underfull \hbox (badness 1997) in paragraph at lines 407--407
[]\OT1/cmr/m/n/10.95 Figure 2.9: Start-ing point (-0.000775979220867, -0.004635
48517227).
 []


Underfull \hbox (badness 1776) in paragraph at lines 407--407
\OT1/cmr/m/n/10.95 In-put des-ti-na-tion (1, 1) and ac-tual reached point (0.95
8535400391,
 []

[27 <./figs/experiments/2.png>]
<figs/experiments/4.png, id=129, 578.16pt x 433.62pt>
File: figs/experiments/4.png Graphic file (type png)

<use figs/experiments/4.png>
Package pdftex.def Info: figs/experiments/4.png used on input line 413.
(pdftex.def)             Requested size: 360.0pt x 269.99951pt.
 [28 <./figs/experiments/3.png>]
<figs/experiments/1_1.png, id=134, 578.16pt x 433.62pt>
File: figs/experiments/1_1.png Graphic file (type png)

<use figs/experiments/1_1.png>
Package pdftex.def Info: figs/experiments/1_1.png used on input line 424.
(pdftex.def)             Requested size: 360.0pt x 269.99951pt.
 [29 <./figs/experiments/4.png>]
<figs/experiments/2_1.png, id=139, 578.16pt x 433.62pt>
File: figs/experiments/2_1.png Graphic file (type png)

<use figs/experiments/2_1.png>
Package pdftex.def Info: figs/experiments/2_1.png used on input line 431.
(pdftex.def)             Requested size: 360.0pt x 269.99951pt.
 [30 <./figs/experiments/1_1.png>]
<figs/experiments/3_1.png, id=144, 578.16pt x 433.62pt>
File: figs/experiments/3_1.png Graphic file (type png)

<use figs/experiments/3_1.png>
Package pdftex.def Info: figs/experiments/3_1.png used on input line 438.
(pdftex.def)             Requested size: 360.0pt x 269.99951pt.

Underfull \hbox (badness 3138) in paragraph at lines 439--439
\OT1/cmr/m/n/10.95 put des-ti-na-tion (1, 0), suc-cess-fully reached in (0.9601
43249512, -
 []

[31 <./figs/experiments/2_1.png>]
<figs/experiments/4_1.png, id=150, 578.16pt x 433.62pt>
File: figs/experiments/4_1.png Graphic file (type png)

<use figs/experiments/4_1.png>
Package pdftex.def Info: figs/experiments/4_1.png used on input line 447.
(pdftex.def)             Requested size: 360.0pt x 269.99951pt.
 [32 <./figs/experiments/3_1.png>]
<figs/experiments/5.png, id=155, 578.16pt x 433.62pt>
File: figs/experiments/5.png Graphic file (type png)

<use figs/experiments/5.png>
Package pdftex.def Info: figs/experiments/5.png used on input line 456.
(pdftex.def)             Requested size: 360.0pt x 269.99951pt.

Underfull \hbox (badness 3250) in paragraph at lines 457--457
\OT1/cmr/m/n/10.95 put des-ti-na-tion (0.2, 0.2), suc-cess-fully reached in (0.
157731643677
 []

[33 <./figs/experiments/4_1.png>]
<figs/experiments/6.png, id=160, 578.16pt x 433.62pt>
File: figs/experiments/6.png Graphic file (type png)

<use figs/experiments/6.png>
Package pdftex.def Info: figs/experiments/6.png used on input line 466.
(pdftex.def)             Requested size: 360.0pt x 269.99951pt.
 [34 <./figs/experiments/5.png>] [35 <./figs/experiments/6.png>] (./relazione.b
bl [36

]) [37

] (./relazione.aux) ) 
Here is how much of TeX's memory you used:
 3281 strings out of 493029
 44098 string characters out of 6136233
 113979 words of memory out of 5000000
 6704 multiletter control sequences out of 15000+600000
 11977 words of font info for 44 fonts, out of 8000000 for 9000
 1141 hyphenation exceptions out of 8191
 38i,7n,24p,1051b,336s stack positions out of 5000i,500n,10000p,200000b,80000s
</usr/share/texlive/texmf-dist/fonts/type1/public/amsfonts
/cm/cmbx10.pfb></usr/share/texlive/texmf-dist/fonts/type1/public/amsfonts/cm/cm
bx12.pfb></usr/share/texlive/texmf-dist/fonts/type1/public/amsfonts/cm/cmex10.p
fb></usr/share/texlive/texmf-dist/fonts/type1/public/amsfonts/cm/cmmi10.pfb></u
sr/share/texlive/texmf-dist/fonts/type1/public/amsfonts/cm/cmmi8.pfb></usr/shar
e/texlive/texmf-dist/fonts/type1/public/amsfonts/cm/cmr10.pfb></usr/share/texli
ve/texmf-dist/fonts/type1/public/amsfonts/cm/cmr12.pfb></usr/share/texlive/texm
f-dist/fonts/type1/public/amsfonts/cm/cmr17.pfb></usr/share/texlive/texmf-dist/
fonts/type1/public/amsfonts/cm/cmr8.pfb></usr/share/texlive/texmf-dist/fonts/ty
pe1/public/amsfonts/cm/cmsy10.pfb></usr/share/texlive/texmf-dist/fonts/type1/pu
blic/amsfonts/cm/cmsy8.pfb>
Output written on relazione.pdf (37 pages, 1265892 bytes).
PDF statistics:
 215 PDF objects out of 1000 (max. 8388607)
 121 compressed objects within 2 object streams
 0 named destinations out of 1000 (max. 500000)
 111 words of extra memory for PDF output out of 10000 (max. 10000000)

